<?xml version="1.0" encoding="UTF-8"?>
<!-- Generated by org.testng.reporters.JUnitReportReporter -->
<testsuite hostname="Pooja" name="Guru99Pack.Test_LoginPage" tests="2" failures="0" timestamp="2 Jan 2016 21:39:55 GMT" time="85.750" errors="0">
  <testcase name="test_LoginPage_VerifyLogin" time="37.250" classname="Guru99Pack.Test_LoginPage"/>
  <testcase name="test_LoginPage_VerifyLogin" time="48.500" classname="Guru99Pack.Test_LoginPage"/>
</testsuite> <!-- Guru99Pack.Test_LoginPage -->
