<?xml version="1.0" encoding="UTF-8"?>
<!-- Generated by org.testng.reporters.JUnitReportReporter -->
<testsuite hostname="Pooja" name="Guru99Pack.Test_LoginPage" tests="1" failures="0" timestamp="12 Dec 2015 20:17:48 GMT" time="24.328" errors="0">
  <testcase name="test_LoginPage_VerifyLogin" time="24.328" classname="Guru99Pack.Test_LoginPage"/>
</testsuite> <!-- Guru99Pack.Test_LoginPage -->
