<?xml version="1.0" encoding="UTF-8"?>
<!-- Generated by org.testng.reporters.JUnitReportReporter -->
<testsuite hostname="Pooja" name="Guru99Pack.Test_LoginPage" tests="1" failures="0" timestamp="29 Nov 2015 18:52:51 GMT" time="29.297" errors="0">
  <testcase name="test_LoginPage_VerifyLogin" time="29.297" classname="Guru99Pack.Test_LoginPage"/>
</testsuite> <!-- Guru99Pack.Test_LoginPage -->
