<?xml version="1.0" encoding="UTF-8"?>
<!-- Generated by org.testng.reporters.JUnitReportReporter -->
<testsuite hostname="Pooja" name="Guru99Pack.Test_LoginPage" tests="2" failures="0" timestamp="31 Dec 2015 20:23:22 GMT" time="60.077" errors="0">
  <testcase name="test_LoginPage_VerifyLogin" time="29.968" classname="Guru99Pack.Test_LoginPage"/>
  <testcase name="test_LoginPage_VerifyLogin" time="30.109" classname="Guru99Pack.Test_LoginPage"/>
</testsuite> <!-- Guru99Pack.Test_LoginPage -->
