<?xml version="1.0" encoding="UTF-8"?>
<!-- Generated by org.testng.reporters.JUnitReportReporter -->
<testsuite hostname="Pooja" name="Guru99Pack.Test_LoginPage" tests="2" failures="0" timestamp="31 Dec 2015 11:04:00 GMT" time="46.751" errors="0">
  <testcase name="test_LoginPage_VerifyLogin" time="28.532" classname="Guru99Pack.Test_LoginPage"/>
  <testcase name="test_LoginPage_VerifyLogin" time="18.219" classname="Guru99Pack.Test_LoginPage"/>
</testsuite> <!-- Guru99Pack.Test_LoginPage -->
