<?xml version="1.0" encoding="UTF-8"?>
<!-- Generated by org.testng.reporters.JUnitReportReporter -->
<testsuite hostname="Pooja" name="Guru99Pack.Test_HomePage" tests="4" failures="0" timestamp="2 Jan 2016 20:52:44 GMT" time="147.844" errors="0">
  <testcase name="test_HomePage_VerifyWelcomeText" time="20.750" classname="Guru99Pack.Test_HomePage"/>
  <testcase name="test_ClickingsidebarMenu" time="56.922" classname="Guru99Pack.Test_HomePage"/>
  <testcase name="test_ClickingsidebarMenu" time="58.078" classname="Guru99Pack.Test_HomePage"/>
  <testcase name="test_HomePage_VerifyWelcomeText" time="12.094" classname="Guru99Pack.Test_HomePage"/>
</testsuite> <!-- Guru99Pack.Test_HomePage -->
