<?xml version="1.0" encoding="UTF-8"?>
<!-- Generated by org.testng.reporters.JUnitReportReporter -->
<testsuite hostname="Pooja" name="Guru99Pack.Test_HomePage" tests="2" failures="0" timestamp="14 Dec 2015 13:15:12 GMT" time="54.296" errors="0">
  <testcase name="test_ClickingsidebarMenu" time="38.515" classname="Guru99Pack.Test_HomePage"/>
  <testcase name="test_HomePage_VerifyWelcomeText" time="15.781" classname="Guru99Pack.Test_HomePage"/>
</testsuite> <!-- Guru99Pack.Test_HomePage -->
