<?xml version="1.0" encoding="UTF-8"?>
<!-- Generated by org.testng.reporters.JUnitReportReporter -->
<testsuite hostname="Pooja" name="Guru99Pack.Test_LoginPage" tests="2" failures="0" timestamp="2 Jan 2016 20:52:44 GMT" time="84.423" errors="0">
  <testcase name="test_LoginPage_VerifyLogin" time="45.141" classname="Guru99Pack.Test_LoginPage"/>
  <testcase name="test_LoginPage_VerifyLogin" time="39.282" classname="Guru99Pack.Test_LoginPage"/>
</testsuite> <!-- Guru99Pack.Test_LoginPage -->
