<?xml version="1.0" encoding="UTF-8"?>
<!-- Generated by org.testng.reporters.JUnitReportReporter -->
<testsuite hostname="Pooja" name="Guru99Pack.Test_HomePage" tests="4" failures="0" timestamp="2 Jan 2016 21:39:55 GMT" time="154.812" errors="0">
  <testcase name="test_ClickingsidebarMenu" time="59.110" classname="Guru99Pack.Test_HomePage"/>
  <testcase name="test_HomePage_VerifyWelcomeText" time="11.968" classname="Guru99Pack.Test_HomePage"/>
  <testcase name="test_HomePage_VerifyWelcomeText" time="21.203" classname="Guru99Pack.Test_HomePage"/>
  <testcase name="test_ClickingsidebarMenu" time="62.531" classname="Guru99Pack.Test_HomePage"/>
</testsuite> <!-- Guru99Pack.Test_HomePage -->
