<?xml version="1.0" encoding="UTF-8"?>
<!-- Generated by org.testng.reporters.JUnitReportReporter -->
<testsuite hostname="Pooja" name="Guru99Pack.Test_HomePage" tests="4" failures="0" timestamp="15 Dec 2015 19:10:40 GMT" time="128.737" errors="0">
  <testcase name="test_HomePage_VerifyWelcomeText" time="19.123" classname="Guru99Pack.Test_HomePage"/>
  <testcase name="test_HomePage_VerifyWelcomeText" time="11.014" classname="Guru99Pack.Test_HomePage"/>
  <testcase name="test_ClickingsidebarMenu" time="38.996" classname="Guru99Pack.Test_HomePage"/>
  <testcase name="test_ClickingsidebarMenu" time="59.604" classname="Guru99Pack.Test_HomePage"/>
</testsuite> <!-- Guru99Pack.Test_HomePage -->
