<?xml version="1.0" encoding="UTF-8"?>
<!-- Generated by org.testng.reporters.JUnitReportReporter -->
<testsuite hostname="Pooja" name="Guru99Pack.Test_HomePage" tests="2" failures="0" timestamp="13 Dec 2015 15:59:42 GMT" time="57.359" errors="0">
  <testcase name="test_ClickingsidebarMenu" time="38.015" classname="Guru99Pack.Test_HomePage"/>
  <testcase name="test_HomePage_VerifyWelcomeText" time="19.344" classname="Guru99Pack.Test_HomePage"/>
</testsuite> <!-- Guru99Pack.Test_HomePage -->
