<?xml version="1.0" encoding="UTF-8"?>
<!-- Generated by org.testng.reporters.JUnitReportReporter -->
<testsuite hostname="Pooja" name="Guru99Pack.Test_LoginPage" tests="2" failures="0" timestamp="31 Dec 2015 12:51:04 GMT" time="44.750" errors="0">
  <testcase name="test_LoginPage_VerifyLogin" time="17.531" classname="Guru99Pack.Test_LoginPage"/>
  <testcase name="test_LoginPage_VerifyLogin" time="27.219" classname="Guru99Pack.Test_LoginPage"/>
</testsuite> <!-- Guru99Pack.Test_LoginPage -->
