<?xml version="1.0" encoding="UTF-8"?>
<!-- Generated by org.testng.reporters.JUnitReportReporter -->
<testsuite hostname="Pooja" name="Guru99Pack.Test_LoginPage" tests="1" failures="0" timestamp="13 Dec 2015 07:50:14 GMT" time="29.016" errors="0">
  <testcase name="test_LoginPage_VerifyLogin" time="29.016" classname="Guru99Pack.Test_LoginPage"/>
</testsuite> <!-- Guru99Pack.Test_LoginPage -->
